80
160
240
320
400
480
560
640
720
800
880
960
1040
1120
1200
1280
1360
1440
1520
1600
1680
1760
1840
1920
2000
2080
2160
2240
2320
2400
2480
2560
2640
2720
2800
2880
2960
3040
3120
3200
3280
3360
3440
3520
3600
3680
3760
3840
3920
4000
4080
4160
4240
4320
4400
4480
4560
4640
4720
4800
4880
4960
5040
5120
5200
5280
5360
5440
5520
5600
5680
5760
5840
5920
6000
6080
6160
6240
6320
6400
6480
6560
6640
6720
6800
6880
6960
7040
7120
7200
7280
7360
7440
7520
7600
7680
7760
7840
7920
8000
8080
8160
8240
8320
8400
8480
8560
8640
8720
8800
8880
8960
9040
9120
9200
9280
9360
9440
9520
9600
9680
9760
9840
9920
10000
10080
10160
10240
10320
10400
10480
10560
10640
10720
10800
10880
10960
11040
11120
11200
11280
11360
11440
11520
11600
11680
11760
11840
11920
12000
12080
12160
12240
12320
12400
12480
12560
12640
12720
12800
12880
12960
13040
13120
13200
13280
13360
13440
13520
13600
13680
13760
13840
13920
14000
14080
14160
14240
14320
14400
14480
14560
14640
14720
14800
14880
14960
15040
15120
15200
15280
15360
15440
15520
15600
15680
15760
15840
15920
16000
16080
16160
16240
16320
16400
16480
16560
16640
16720
16800
16880
16960
17040
17120
17200
17280
17360
17440
17520
17600
17680
17760
17840
17920
18000
18080
18160
18240
18320
18400
18480
18560
18640
18720
18800
18880
18960
19040
19120
19200
