80
160
246
342
444
546
648
750
852
954
1036
1098
1140
1170
1192
1214
1222
1224
1228
1234
1242
1252
1264
1278
1294
1312
1332
1356
1384
1416
1452
1492
1538
1590
1648
1714
1788
1872
1966
2072
2190
2322
2454
2566
2658
2730
2802
2874
2946
3018
3090
3170
3260
3350
3440
3532
3624
3714
3804
3874
3924
3954
3968
3976
3986
3998
4012
4028
4046
4066
4090
4118
4150
4186
4226
4272
4324
4382
4448
4522
4606
4700
4806
4924
5056
5168
5260
5332
5384
5416
5448
5480
5508
5540
5576
5616
5662
5714
5772
5838
5912
5996
6090
6196
6314
6446
6578
6690
6782
6854
6906
6938
6962
6966
6972
6980
6990
7002
7016
7032
7050
7070
7094
7122
7154
7190
7230
7276
7328
7386
7452
7526
7610
7704
7810
7928
8060
8178
8276
8354
8412
8470
8528
8586
8652
8726
8810
8904
9002
9100
9198
9296
9394
9490
9584
9658
9712
9750
9774
9778
9780
9784
9790
9798
9808
9820
9834
9850
9868
9888
9912
9940
9972
10008
10048
10094
10146
10204
10270
10344
10428
10522
10628
10746
10878
11010
11122
11214
11286
11350
11414
11486
11558
11636
11720
11804
11888
11972
12062
12152
12242
12332
12402
12452
12482
12512
12522
12534
12542
12544
12548
12554
12562
12572
12584
12598
12614
12632
12652
12676
12704
12736
12772
12812
12858
12910
12968
13034
13108
13192
13286
13392
13510
13642
13766
13870
13954
14028
14102
14176
